Crash Annotation GraphicsCriticalError: |[0][GFX1-]: glxtest: libpci missing (t=1.24643) [GFX1-]: glxtest: libpci missing
Crash Annotation GraphicsCriticalError: |[0][GFX1-]: glxtest: libpci missing (t=1.24643) |[1][GFX1-]: glxtest: libEGL missing (t=1.24647) [GFX1-]: glxtest: libEGL missing
Crash Annotation GraphicsCriticalError: |[0][GFX1-]: glxtest: libpci missing (t=1.24643) |[1][GFX1-]: glxtest: libEGL missing (t=1.24647) |[2][GFX1-]: glxtest: libGL.so.1 missing (t=1.24649) [GFX1-]: glxtest: libGL.so.1 missing
Crash Annotation GraphicsCriticalError: |[0][GFX1-]: glxtest: libpci missing (t=1.24643) |[1][GFX1-]: glxtest: libEGL missing (t=1.24647) |[2][GFX1-]: glxtest: libGL.so.1 missing (t=1.24649) |[3][GFX1-]: glxtest: libEGL missing (t=1.2465) [GFX1-]: glxtest: libEGL missing
Crash Annotation GraphicsCriticalError: |[0][GFX1-]: glxtest: libpci missing (t=1.24643) |[1][GFX1-]: glxtest: libEGL missing (t=1.24647) |[2][GFX1-]: glxtest: libGL.so.1 missing (t=1.24649) |[3][GFX1-]: glxtest: libEGL missing (t=1.2465) |[4][GFX1-]: No GPUs detected via PCI (t=1.24652) [GFX1-]: No GPUs detected via PCI
Crash Annotation GraphicsCriticalError: |[0][GFX1-]: glxtest: libpci missing (t=7.9344) [GFX1-]: glxtest: libpci missing
Crash Annotation GraphicsCriticalError: |[0][GFX1-]: glxtest: libpci missing (t=7.9344) |[1][GFX1-]: glxtest: libEGL missing (t=7.93447) [GFX1-]: glxtest: libEGL missing
Crash Annotation GraphicsCriticalError: |[0][GFX1-]: glxtest: libpci missing (t=7.9344) |[1][GFX1-]: glxtest: libEGL missing (t=7.93447) |[2][GFX1-]: glxtest: libGL.so.1 missing (t=7.93449) [GFX1-]: glxtest: libGL.so.1 missing
Crash Annotation GraphicsCriticalError: |[0][GFX1-]: glxtest: libpci missing (t=7.9344) |[1][GFX1-]: glxtest: libEGL missing (t=7.93447) |[2][GFX1-]: glxtest: libGL.so.1 missing (t=7.93449) |[3][GFX1-]: glxtest: libEGL missing (t=7.9345) [GFX1-]: glxtest: libEGL missing
Crash Annotation GraphicsCriticalError: |[0][GFX1-]: glxtest: libpci missing (t=7.9344) |[1][GFX1-]: glxtest: libEGL missing (t=7.93447) |[2][GFX1-]: glxtest: libGL.so.1 missing (t=7.93449) |[3][GFX1-]: glxtest: libEGL missing (t=7.9345) |[4][GFX1-]: No GPUs detected via PCI (t=7.93452) [GFX1-]: No GPUs detected via PCI
Crash Annotation GraphicsCriticalError: |[0][GFX1-]: glxtest: libpci missing (t=1.19208) [GFX1-]: glxtest: libpci missing
Crash Annotation GraphicsCriticalError: |[0][GFX1-]: glxtest: libpci missing (t=1.19208) |[1][GFX1-]: glxtest: libEGL missing (t=1.19212) [GFX1-]: glxtest: libEGL missing
Crash Annotation GraphicsCriticalError: |[0][GFX1-]: glxtest: libpci missing (t=1.19208) |[1][GFX1-]: glxtest: libEGL missing (t=1.19212) |[2][GFX1-]: glxtest: libGL.so.1 missing (t=1.19213) [GFX1-]: glxtest: libGL.so.1 missing
Crash Annotation GraphicsCriticalError: |[0][GFX1-]: glxtest: libpci missing (t=1.19208) |[1][GFX1-]: glxtest: libEGL missing (t=1.19212) |[2][GFX1-]: glxtest: libGL.so.1 missing (t=1.19213) |[3][GFX1-]: glxtest: libEGL missing (t=1.19214) [GFX1-]: glxtest: libEGL missing
Crash Annotation GraphicsCriticalError: |[0][GFX1-]: glxtest: libpci missing (t=1.19208) |[1][GFX1-]: glxtest: libEGL missing (t=1.19212) |[2][GFX1-]: glxtest: libGL.so.1 missing (t=1.19213) |[3][GFX1-]: glxtest: libEGL missing (t=1.19214) |[4][GFX1-]: No GPUs detected via PCI (t=1.19218) [GFX1-]: No GPUs detected via PCI
Crash Annotation GraphicsCriticalError: |[C0][GFX1-]: Managed to allocate after flush. (t=18.2956) [GFX1-]: Managed to allocate after flush.
Crash Annotation GraphicsCriticalError: |[0][GFX1-]: glxtest: libpci missing (t=1.2987) [GFX1-]: glxtest: libpci missing
Crash Annotation GraphicsCriticalError: |[0][GFX1-]: glxtest: libpci missing (t=1.2987) |[1][GFX1-]: glxtest: libEGL missing (t=1.29875) [GFX1-]: glxtest: libEGL missing
Crash Annotation GraphicsCriticalError: |[0][GFX1-]: glxtest: libpci missing (t=1.2987) |[1][GFX1-]: glxtest: libEGL missing (t=1.29875) |[2][GFX1-]: glxtest: libGL.so.1 missing (t=1.29877) [GFX1-]: glxtest: libGL.so.1 missing
Crash Annotation GraphicsCriticalError: |[0][GFX1-]: glxtest: libpci missing (t=1.2987) |[1][GFX1-]: glxtest: libEGL missing (t=1.29875) |[2][GFX1-]: glxtest: libGL.so.1 missing (t=1.29877) |[3][GFX1-]: glxtest: libEGL missing (t=1.29878) [GFX1-]: glxtest: libEGL missing
Crash Annotation GraphicsCriticalError: |[0][GFX1-]: glxtest: libpci missing (t=1.2987) |[1][GFX1-]: glxtest: libEGL missing (t=1.29875) |[2][GFX1-]: glxtest: libGL.so.1 missing (t=1.29877) |[3][GFX1-]: glxtest: libEGL missing (t=1.29878) |[4][GFX1-]: No GPUs detected via PCI (t=1.29882) [GFX1-]: No GPUs detected via PCI
Crash Annotation GraphicsCriticalError: |[0][GFX1-]: glxtest: libpci missing (t=5.84163) [GFX1-]: glxtest: libpci missing
Crash Annotation GraphicsCriticalError: |[0][GFX1-]: glxtest: libpci missing (t=5.84163) |[1][GFX1-]: glxtest: libEGL missing (t=5.85308) [GFX1-]: glxtest: libEGL missing
Crash Annotation GraphicsCriticalError: |[0][GFX1-]: glxtest: libpci missing (t=5.84163) |[1][GFX1-]: glxtest: libEGL missing (t=5.85308) |[2][GFX1-]: glxtest: libGL.so.1 missing (t=5.8531) [GFX1-]: glxtest: libGL.so.1 missing
Crash Annotation GraphicsCriticalError: |[0][GFX1-]: glxtest: libpci missing (t=5.84163) |[1][GFX1-]: glxtest: libEGL missing (t=5.85308) |[2][GFX1-]: glxtest: libGL.so.1 missing (t=5.8531) |[3][GFX1-]: glxtest: libEGL missing (t=5.85312) [GFX1-]: glxtest: libEGL missing
Crash Annotation GraphicsCriticalError: |[0][GFX1-]: glxtest: libpci missing (t=5.84163) |[1][GFX1-]: glxtest: libEGL missing (t=5.85308) |[2][GFX1-]: glxtest: libGL.so.1 missing (t=5.8531) |[3][GFX1-]: glxtest: libEGL missing (t=5.85312) |[4][GFX1-]: No GPUs detected via PCI (t=5.85314) [GFX1-]: No GPUs detected via PCI
Crash Annotation GraphicsCriticalError: |[0][GFX1-]: glxtest: libpci missing (t=1.06525) [GFX1-]: glxtest: libpci missing
Crash Annotation GraphicsCriticalError: |[0][GFX1-]: glxtest: libpci missing (t=1.06525) |[1][GFX1-]: glxtest: libEGL missing (t=1.06528) [GFX1-]: glxtest: libEGL missing
Crash Annotation GraphicsCriticalError: |[0][GFX1-]: glxtest: libpci missing (t=1.06525) |[1][GFX1-]: glxtest: libEGL missing (t=1.06528) |[2][GFX1-]: glxtest: libGL.so.1 missing (t=1.06531) [GFX1-]: glxtest: libGL.so.1 missing
Crash Annotation GraphicsCriticalError: |[0][GFX1-]: glxtest: libpci missing (t=1.06525) |[1][GFX1-]: glxtest: libEGL missing (t=1.06528) |[2][GFX1-]: glxtest: libGL.so.1 missing (t=1.06531) |[3][GFX1-]: glxtest: libEGL missing (t=1.06532) [GFX1-]: glxtest: libEGL missing
Crash Annotation GraphicsCriticalError: |[0][GFX1-]: glxtest: libpci missing (t=1.06525) |[1][GFX1-]: glxtest: libEGL missing (t=1.06528) |[2][GFX1-]: glxtest: libGL.so.1 missing (t=1.06531) |[3][GFX1-]: glxtest: libEGL missing (t=1.06532) |[4][GFX1-]: No GPUs detected via PCI (t=1.06534) [GFX1-]: No GPUs detected via PCI
Crash Annotation GraphicsCriticalError: |[0][GFX1-]: glxtest: libpci missing (t=1.00439) [GFX1-]: glxtest: libpci missing
Crash Annotation GraphicsCriticalError: |[0][GFX1-]: glxtest: libpci missing (t=1.00439) |[1][GFX1-]: glxtest: libEGL missing (t=1.00443) [GFX1-]: glxtest: libEGL missing
Crash Annotation GraphicsCriticalError: |[0][GFX1-]: glxtest: libpci missing (t=1.00439) |[1][GFX1-]: glxtest: libEGL missing (t=1.00443) |[2][GFX1-]: glxtest: libGL.so.1 missing (t=1.00444) [GFX1-]: glxtest: libGL.so.1 missing
Crash Annotation GraphicsCriticalError: |[0][GFX1-]: glxtest: libpci missing (t=1.00439) |[1][GFX1-]: glxtest: libEGL missing (t=1.00443) |[2][GFX1-]: glxtest: libGL.so.1 missing (t=1.00444) |[3][GFX1-]: glxtest: libEGL missing (t=1.00446) [GFX1-]: glxtest: libEGL missing
Crash Annotation GraphicsCriticalError: |[0][GFX1-]: glxtest: libpci missing (t=1.00439) |[1][GFX1-]: glxtest: libEGL missing (t=1.00443) |[2][GFX1-]: glxtest: libGL.so.1 missing (t=1.00444) |[3][GFX1-]: glxtest: libEGL missing (t=1.00446) |[4][GFX1-]: No GPUs detected via PCI (t=1.00447) [GFX1-]: No GPUs detected via PCI
Crash Annotation GraphicsCriticalError: |[0][GFX1-]: glxtest: libpci missing (t=1.0332) [GFX1-]: glxtest: libpci missing
Crash Annotation GraphicsCriticalError: |[0][GFX1-]: glxtest: libpci missing (t=1.0332) |[1][GFX1-]: glxtest: libEGL missing (t=1.03324) [GFX1-]: glxtest: libEGL missing
Crash Annotation GraphicsCriticalError: |[0][GFX1-]: glxtest: libpci missing (t=1.0332) |[1][GFX1-]: glxtest: libEGL missing (t=1.03324) |[2][GFX1-]: glxtest: libGL.so.1 missing (t=1.03327) [GFX1-]: glxtest: libGL.so.1 missing
Crash Annotation GraphicsCriticalError: |[0][GFX1-]: glxtest: libpci missing (t=1.0332) |[1][GFX1-]: glxtest: libEGL missing (t=1.03324) |[2][GFX1-]: glxtest: libGL.so.1 missing (t=1.03327) |[3][GFX1-]: glxtest: libEGL missing (t=1.03329) [GFX1-]: glxtest: libEGL missing
Crash Annotation GraphicsCriticalError: |[0][GFX1-]: glxtest: libpci missing (t=1.0332) |[1][GFX1-]: glxtest: libEGL missing (t=1.03324) |[2][GFX1-]: glxtest: libGL.so.1 missing (t=1.03327) |[3][GFX1-]: glxtest: libEGL missing (t=1.03329) |[4][GFX1-]: No GPUs detected via PCI (t=1.0333) [GFX1-]: No GPUs detected via PCI
Crash Annotation GraphicsCriticalError: |[0][GFX1-]: glxtest: libpci missing (t=1.02848) [GFX1-]: glxtest: libpci missing
Crash Annotation GraphicsCriticalError: |[0][GFX1-]: glxtest: libpci missing (t=1.02848) |[1][GFX1-]: glxtest: libEGL missing (t=1.02852) [GFX1-]: glxtest: libEGL missing
Crash Annotation GraphicsCriticalError: |[0][GFX1-]: glxtest: libpci missing (t=1.02848) |[1][GFX1-]: glxtest: libEGL missing (t=1.02852) |[2][GFX1-]: glxtest: libGL.so.1 missing (t=1.02853) [GFX1-]: glxtest: libGL.so.1 missing
Crash Annotation GraphicsCriticalError: |[0][GFX1-]: glxtest: libpci missing (t=1.02848) |[1][GFX1-]: glxtest: libEGL missing (t=1.02852) |[2][GFX1-]: glxtest: libGL.so.1 missing (t=1.02853) |[3][GFX1-]: glxtest: libEGL missing (t=1.02856) [GFX1-]: glxtest: libEGL missing
Crash Annotation GraphicsCriticalError: |[0][GFX1-]: glxtest: libpci missing (t=1.02848) |[1][GFX1-]: glxtest: libEGL missing (t=1.02852) |[2][GFX1-]: glxtest: libGL.so.1 missing (t=1.02853) |[3][GFX1-]: glxtest: libEGL missing (t=1.02856) |[4][GFX1-]: No GPUs detected via PCI (t=1.0286) [GFX1-]: No GPUs detected via PCI
Crash Annotation GraphicsCriticalError: |[0][GFX1-]: glxtest: libpci missing (t=6.55517) [GFX1-]: glxtest: libpci missing
Crash Annotation GraphicsCriticalError: |[0][GFX1-]: glxtest: libpci missing (t=6.55517) |[1][GFX1-]: glxtest: libEGL missing (t=6.57044) [GFX1-]: glxtest: libEGL missing
Crash Annotation GraphicsCriticalError: |[0][GFX1-]: glxtest: libpci missing (t=6.55517) |[1][GFX1-]: glxtest: libEGL missing (t=6.57044) |[2][GFX1-]: glxtest: libGL.so.1 missing (t=6.57048) [GFX1-]: glxtest: libGL.so.1 missing
Crash Annotation GraphicsCriticalError: |[0][GFX1-]: glxtest: libpci missing (t=6.55517) |[1][GFX1-]: glxtest: libEGL missing (t=6.57044) |[2][GFX1-]: glxtest: libGL.so.1 missing (t=6.57048) |[3][GFX1-]: glxtest: libEGL missing (t=6.57052) [GFX1-]: glxtest: libEGL missing
Crash Annotation GraphicsCriticalError: |[0][GFX1-]: glxtest: libpci missing (t=6.55517) |[1][GFX1-]: glxtest: libEGL missing (t=6.57044) |[2][GFX1-]: glxtest: libGL.so.1 missing (t=6.57048) |[3][GFX1-]: glxtest: libEGL missing (t=6.57052) |[4][GFX1-]: No GPUs detected via PCI (t=6.57058) [GFX1-]: No GPUs detected via PCI
Crash Annotation GraphicsCriticalError: |[0][GFX1-]: glxtest: libpci missing (t=1.7263) [GFX1-]: glxtest: libpci missing
Crash Annotation GraphicsCriticalError: |[0][GFX1-]: glxtest: libpci missing (t=1.7263) |[1][GFX1-]: glxtest: libEGL missing (t=1.72646) [GFX1-]: glxtest: libEGL missing
Crash Annotation GraphicsCriticalError: |[0][GFX1-]: glxtest: libpci missing (t=1.7263) |[1][GFX1-]: glxtest: libEGL missing (t=1.72646) |[2][GFX1-]: glxtest: libGL.so.1 missing (t=1.72649) [GFX1-]: glxtest: libGL.so.1 missing
Crash Annotation GraphicsCriticalError: |[0][GFX1-]: glxtest: libpci missing (t=1.7263) |[1][GFX1-]: glxtest: libEGL missing (t=1.72646) |[2][GFX1-]: glxtest: libGL.so.1 missing (t=1.72649) |[3][GFX1-]: glxtest: libEGL missing (t=1.7265) [GFX1-]: glxtest: libEGL missing
Crash Annotation GraphicsCriticalError: |[0][GFX1-]: glxtest: libpci missing (t=1.7263) |[1][GFX1-]: glxtest: libEGL missing (t=1.72646) |[2][GFX1-]: glxtest: libGL.so.1 missing (t=1.72649) |[3][GFX1-]: glxtest: libEGL missing (t=1.7265) |[4][GFX1-]: No GPUs detected via PCI (t=1.72652) [GFX1-]: No GPUs detected via PCI
